2025-05-23 16:55:56,017 - Namespace(data_dir='./data/', output_dir='output/', data_name='Foursquare', do_eval=False, load_model=None, train_name='TVRec_Foursquare_best', num_items=10, num_users=1084, save=True, lr=0.0005, batch_size=256, epochs=200, no_cuda=False, log_freq=1, patience=10, num_workers=8, seed=42, weight_decay=0.0, adam_beta1=0.9, adam_beta2=0.999, gpu_id='0', variance=5, model_type='TVRec', max_seq_length=50, hidden_size=64, num_hidden_layers=2, hidden_act='gelu', num_attention_heads=2, attention_probs_dropout_prob=0.5, hidden_dropout_prob=0.2, initializer_range=0.02, dt_min=0.0, dt_max=0.5, M=8, reg_weight=1e-05, device='cuda', data_file='./data/Foursquare.txt', item_size=9990, checkpoint_path='output/TVRec_Foursquare_best.pt')
2025-05-23 16:55:56,444 - TVRecModel(
  (item_embeddings): Embedding(9990, 64, padding_idx=0)
  (position_embeddings): Embedding(50, 64)
  (LayerNorm): LayerNorm()
  (dropout): Dropout(p=0.2, inplace=False)
  (item_encoder): NVRecEncoder(
    (blocks): ModuleList(
      (0-1): 2 x NVRecBlock(
        (layer): NVRecLayer(
          (out_dropout): Dropout(p=0.2, inplace=False)
          (LayerNorm): LayerNorm()
        )
        (feed_forward): FeedForward(
          (dense_1): Linear(in_features=64, out_features=256, bias=True)
          (dense_2): Linear(in_features=256, out_features=64, bias=True)
          (LayerNorm): LayerNorm()
          (dropout): Dropout(p=0.2, inplace=False)
        )
      )
    )
  )
)
2025-05-23 16:55:56,793 - Total Parameters: 709392
2025-05-23 16:56:02,576 - {'epoch': 0, 'rec_loss': '8.6025'}
2025-05-23 16:56:03,077 - {'Epoch': 0, 'HR@5': '0.0065', 'NDCG@5': '0.0037', 'HR@10': '0.0092', 'NDCG@10': '0.0047', 'HR@20': '0.0148', 'NDCG@20': '0.0061'}
2025-05-23 16:56:03,078 - Validation score increased.  Saving model ...
2025-05-23 16:56:08,517 - {'epoch': 1, 'rec_loss': '7.4984'}
2025-05-23 16:56:09,109 - {'Epoch': 1, 'HR@5': '0.0083', 'NDCG@5': '0.0058', 'HR@10': '0.0102', 'NDCG@10': '0.0064', 'HR@20': '0.0166', 'NDCG@20': '0.0080'}
2025-05-23 16:56:09,110 - Validation score increased.  Saving model ...
2025-05-23 16:56:15,488 - {'epoch': 2, 'rec_loss': '6.4083'}
2025-05-23 16:56:16,051 - {'Epoch': 2, 'HR@5': '0.0046', 'NDCG@5': '0.0024', 'HR@10': '0.0111', 'NDCG@10': '0.0046', 'HR@20': '0.0157', 'NDCG@20': '0.0057'}
2025-05-23 16:56:16,052 - EarlyStopping counter: 1 out of 10
2025-05-23 16:56:22,292 - {'epoch': 3, 'rec_loss': '5.5451'}
2025-05-23 16:56:22,854 - {'Epoch': 3, 'HR@5': '0.0065', 'NDCG@5': '0.0031', 'HR@10': '0.0102', 'NDCG@10': '0.0043', 'HR@20': '0.0157', 'NDCG@20': '0.0056'}
2025-05-23 16:56:22,855 - EarlyStopping counter: 2 out of 10
2025-05-23 16:56:29,137 - {'epoch': 4, 'rec_loss': '4.9856'}
2025-05-23 16:56:29,714 - {'Epoch': 4, 'HR@5': '0.0102', 'NDCG@5': '0.0052', 'HR@10': '0.0120', 'NDCG@10': '0.0058', 'HR@20': '0.0157', 'NDCG@20': '0.0067'}
2025-05-23 16:56:29,715 - EarlyStopping counter: 3 out of 10
2025-05-23 16:56:36,033 - {'epoch': 5, 'rec_loss': '4.6130'}
2025-05-23 16:56:36,597 - {'Epoch': 5, 'HR@5': '0.0083', 'NDCG@5': '0.0054', 'HR@10': '0.0129', 'NDCG@10': '0.0069', 'HR@20': '0.0185', 'NDCG@20': '0.0083'}
2025-05-23 16:56:36,598 - Validation score increased.  Saving model ...
2025-05-23 16:56:42,951 - {'epoch': 6, 'rec_loss': '4.3478'}
2025-05-23 16:56:43,522 - {'Epoch': 6, 'HR@5': '0.0083', 'NDCG@5': '0.0052', 'HR@10': '0.0129', 'NDCG@10': '0.0067', 'HR@20': '0.0212', 'NDCG@20': '0.0088'}
2025-05-23 16:56:43,523 - Validation score increased.  Saving model ...
2025-05-23 16:56:49,802 - {'epoch': 7, 'rec_loss': '4.1460'}
2025-05-23 16:56:50,322 - {'Epoch': 7, 'HR@5': '0.0102', 'NDCG@5': '0.0062', 'HR@10': '0.0148', 'NDCG@10': '0.0076', 'HR@20': '0.0259', 'NDCG@20': '0.0104'}
2025-05-23 16:56:50,323 - Validation score increased.  Saving model ...
2025-05-23 16:56:56,710 - {'epoch': 8, 'rec_loss': '3.9865'}
2025-05-23 16:56:57,252 - {'Epoch': 8, 'HR@5': '0.0102', 'NDCG@5': '0.0064', 'HR@10': '0.0166', 'NDCG@10': '0.0085', 'HR@20': '0.0231', 'NDCG@20': '0.0101'}
2025-05-23 16:56:57,253 - EarlyStopping counter: 1 out of 10
2025-05-23 16:57:03,766 - {'epoch': 9, 'rec_loss': '3.8552'}
2025-05-23 16:57:04,352 - {'Epoch': 9, 'HR@5': '0.0129', 'NDCG@5': '0.0078', 'HR@10': '0.0157', 'NDCG@10': '0.0087', 'HR@20': '0.0231', 'NDCG@20': '0.0106'}
2025-05-23 16:57:04,353 - Validation score increased.  Saving model ...
2025-05-23 16:57:10,743 - {'epoch': 10, 'rec_loss': '3.7519'}
2025-05-23 16:57:11,301 - {'Epoch': 10, 'HR@5': '0.0102', 'NDCG@5': '0.0060', 'HR@10': '0.0166', 'NDCG@10': '0.0082', 'HR@20': '0.0231', 'NDCG@20': '0.0098'}
2025-05-23 16:57:11,302 - EarlyStopping counter: 1 out of 10
2025-05-23 16:57:17,372 - {'epoch': 11, 'rec_loss': '3.6638'}
2025-05-23 16:57:17,914 - {'Epoch': 11, 'HR@5': '0.0120', 'NDCG@5': '0.0066', 'HR@10': '0.0166', 'NDCG@10': '0.0081', 'HR@20': '0.0222', 'NDCG@20': '0.0095'}
2025-05-23 16:57:17,915 - EarlyStopping counter: 2 out of 10
2025-05-23 16:57:23,903 - {'epoch': 12, 'rec_loss': '3.5924'}
2025-05-23 16:57:24,435 - {'Epoch': 12, 'HR@5': '0.0111', 'NDCG@5': '0.0068', 'HR@10': '0.0166', 'NDCG@10': '0.0086', 'HR@20': '0.0249', 'NDCG@20': '0.0107'}
2025-05-23 16:57:24,436 - Validation score increased.  Saving model ...
2025-05-23 16:57:30,925 - {'epoch': 13, 'rec_loss': '3.5346'}
2025-05-23 16:57:31,482 - {'Epoch': 13, 'HR@5': '0.0102', 'NDCG@5': '0.0068', 'HR@10': '0.0175', 'NDCG@10': '0.0092', 'HR@20': '0.0231', 'NDCG@20': '0.0107'}
2025-05-23 16:57:31,483 - EarlyStopping counter: 1 out of 10
2025-05-23 16:57:37,883 - {'epoch': 14, 'rec_loss': '3.4822'}
2025-05-23 16:57:38,444 - {'Epoch': 14, 'HR@5': '0.0102', 'NDCG@5': '0.0066', 'HR@10': '0.0157', 'NDCG@10': '0.0085', 'HR@20': '0.0249', 'NDCG@20': '0.0109'}
2025-05-23 16:57:38,445 - Validation score increased.  Saving model ...
2025-05-23 16:57:44,920 - {'epoch': 15, 'rec_loss': '3.4410'}
2025-05-23 16:57:45,492 - {'Epoch': 15, 'HR@5': '0.0102', 'NDCG@5': '0.0062', 'HR@10': '0.0185', 'NDCG@10': '0.0089', 'HR@20': '0.0259', 'NDCG@20': '0.0108'}
2025-05-23 16:57:45,493 - EarlyStopping counter: 1 out of 10
2025-05-23 16:57:51,748 - {'epoch': 16, 'rec_loss': '3.4058'}
2025-05-23 16:57:52,314 - {'Epoch': 16, 'HR@5': '0.0120', 'NDCG@5': '0.0075', 'HR@10': '0.0175', 'NDCG@10': '0.0093', 'HR@20': '0.0259', 'NDCG@20': '0.0114'}
2025-05-23 16:57:52,315 - Validation score increased.  Saving model ...
2025-05-23 16:57:58,559 - {'epoch': 17, 'rec_loss': '3.3717'}
2025-05-23 16:57:59,137 - {'Epoch': 17, 'HR@5': '0.0102', 'NDCG@5': '0.0074', 'HR@10': '0.0175', 'NDCG@10': '0.0098', 'HR@20': '0.0249', 'NDCG@20': '0.0117'}
2025-05-23 16:57:59,138 - Validation score increased.  Saving model ...
2025-05-23 16:58:05,540 - {'epoch': 18, 'rec_loss': '3.3438'}
2025-05-23 16:58:06,143 - {'Epoch': 18, 'HR@5': '0.0102', 'NDCG@5': '0.0064', 'HR@10': '0.0194', 'NDCG@10': '0.0093', 'HR@20': '0.0231', 'NDCG@20': '0.0102'}
2025-05-23 16:58:06,145 - EarlyStopping counter: 1 out of 10
2025-05-23 16:58:12,569 - {'epoch': 19, 'rec_loss': '3.3165'}
2025-05-23 16:58:13,101 - {'Epoch': 19, 'HR@5': '0.0102', 'NDCG@5': '0.0066', 'HR@10': '0.0166', 'NDCG@10': '0.0087', 'HR@20': '0.0231', 'NDCG@20': '0.0103'}
2025-05-23 16:58:13,102 - EarlyStopping counter: 2 out of 10
2025-05-23 16:58:19,369 - {'epoch': 20, 'rec_loss': '3.2914'}
2025-05-23 16:58:19,914 - {'Epoch': 20, 'HR@5': '0.0092', 'NDCG@5': '0.0065', 'HR@10': '0.0185', 'NDCG@10': '0.0095', 'HR@20': '0.0249', 'NDCG@20': '0.0111'}
2025-05-23 16:58:19,915 - EarlyStopping counter: 3 out of 10
2025-05-23 16:58:26,282 - {'epoch': 21, 'rec_loss': '3.2705'}
2025-05-23 16:58:26,868 - {'Epoch': 21, 'HR@5': '0.0092', 'NDCG@5': '0.0068', 'HR@10': '0.0194', 'NDCG@10': '0.0101', 'HR@20': '0.0240', 'NDCG@20': '0.0112'}
2025-05-23 16:58:26,869 - EarlyStopping counter: 4 out of 10
2025-05-23 16:58:33,201 - {'epoch': 22, 'rec_loss': '3.2486'}
2025-05-23 16:58:33,746 - {'Epoch': 22, 'HR@5': '0.0102', 'NDCG@5': '0.0068', 'HR@10': '0.0148', 'NDCG@10': '0.0083', 'HR@20': '0.0249', 'NDCG@20': '0.0108'}
2025-05-23 16:58:33,747 - EarlyStopping counter: 5 out of 10
2025-05-23 16:58:40,266 - {'epoch': 23, 'rec_loss': '3.2248'}
2025-05-23 16:58:40,845 - {'Epoch': 23, 'HR@5': '0.0083', 'NDCG@5': '0.0060', 'HR@10': '0.0175', 'NDCG@10': '0.0090', 'HR@20': '0.0231', 'NDCG@20': '0.0104'}
2025-05-23 16:58:40,846 - EarlyStopping counter: 6 out of 10
2025-05-23 16:58:46,952 - {'epoch': 24, 'rec_loss': '3.2051'}
2025-05-23 16:58:47,511 - {'Epoch': 24, 'HR@5': '0.0120', 'NDCG@5': '0.0076', 'HR@10': '0.0157', 'NDCG@10': '0.0088', 'HR@20': '0.0268', 'NDCG@20': '0.0114'}
2025-05-23 16:58:47,512 - EarlyStopping counter: 7 out of 10
2025-05-23 16:58:54,045 - {'epoch': 25, 'rec_loss': '3.1898'}
2025-05-23 16:58:54,605 - {'Epoch': 25, 'HR@5': '0.0129', 'NDCG@5': '0.0086', 'HR@10': '0.0166', 'NDCG@10': '0.0097', 'HR@20': '0.0249', 'NDCG@20': '0.0118'}
2025-05-23 16:58:54,605 - Validation score increased.  Saving model ...
2025-05-23 16:59:01,125 - {'epoch': 26, 'rec_loss': '3.1698'}
2025-05-23 16:59:01,711 - {'Epoch': 26, 'HR@5': '0.0102', 'NDCG@5': '0.0070', 'HR@10': '0.0148', 'NDCG@10': '0.0085', 'HR@20': '0.0212', 'NDCG@20': '0.0102'}
2025-05-23 16:59:01,712 - EarlyStopping counter: 1 out of 10
2025-05-23 16:59:08,232 - {'epoch': 27, 'rec_loss': '3.1457'}
2025-05-23 16:59:08,802 - {'Epoch': 27, 'HR@5': '0.0120', 'NDCG@5': '0.0080', 'HR@10': '0.0175', 'NDCG@10': '0.0097', 'HR@20': '0.0231', 'NDCG@20': '0.0111'}
2025-05-23 16:59:08,803 - EarlyStopping counter: 2 out of 10
2025-05-23 16:59:15,132 - {'epoch': 28, 'rec_loss': '3.1291'}
2025-05-23 16:59:15,721 - {'Epoch': 28, 'HR@5': '0.0102', 'NDCG@5': '0.0072', 'HR@10': '0.0166', 'NDCG@10': '0.0093', 'HR@20': '0.0203', 'NDCG@20': '0.0102'}
2025-05-23 16:59:15,722 - EarlyStopping counter: 3 out of 10
2025-05-23 16:59:22,044 - {'epoch': 29, 'rec_loss': '3.1134'}
2025-05-23 16:59:22,571 - {'Epoch': 29, 'HR@5': '0.0129', 'NDCG@5': '0.0087', 'HR@10': '0.0157', 'NDCG@10': '0.0095', 'HR@20': '0.0222', 'NDCG@20': '0.0111'}
2025-05-23 16:59:22,572 - EarlyStopping counter: 4 out of 10
2025-05-23 16:59:28,920 - {'epoch': 30, 'rec_loss': '3.0941'}
2025-05-23 16:59:29,495 - {'Epoch': 30, 'HR@5': '0.0120', 'NDCG@5': '0.0076', 'HR@10': '0.0148', 'NDCG@10': '0.0085', 'HR@20': '0.0194', 'NDCG@20': '0.0097'}
2025-05-23 16:59:29,497 - EarlyStopping counter: 5 out of 10
2025-05-23 16:59:35,992 - {'epoch': 31, 'rec_loss': '3.0738'}
2025-05-23 16:59:36,528 - {'Epoch': 31, 'HR@5': '0.0120', 'NDCG@5': '0.0084', 'HR@10': '0.0139', 'NDCG@10': '0.0090', 'HR@20': '0.0194', 'NDCG@20': '0.0104'}
2025-05-23 16:59:36,529 - EarlyStopping counter: 6 out of 10
2025-05-23 16:59:42,941 - {'epoch': 32, 'rec_loss': '3.0527'}
2025-05-23 16:59:43,507 - {'Epoch': 32, 'HR@5': '0.0129', 'NDCG@5': '0.0090', 'HR@10': '0.0157', 'NDCG@10': '0.0099', 'HR@20': '0.0203', 'NDCG@20': '0.0111'}
2025-05-23 16:59:43,507 - EarlyStopping counter: 7 out of 10
2025-05-23 16:59:49,897 - {'epoch': 33, 'rec_loss': '3.0398'}
2025-05-23 16:59:50,508 - {'Epoch': 33, 'HR@5': '0.0120', 'NDCG@5': '0.0083', 'HR@10': '0.0139', 'NDCG@10': '0.0089', 'HR@20': '0.0194', 'NDCG@20': '0.0103'}
2025-05-23 16:59:50,509 - EarlyStopping counter: 8 out of 10
2025-05-23 16:59:56,825 - {'epoch': 34, 'rec_loss': '3.0198'}
2025-05-23 16:59:57,359 - {'Epoch': 34, 'HR@5': '0.0111', 'NDCG@5': '0.0081', 'HR@10': '0.0157', 'NDCG@10': '0.0096', 'HR@20': '0.0185', 'NDCG@20': '0.0103'}
2025-05-23 16:59:57,360 - EarlyStopping counter: 9 out of 10
2025-05-23 17:00:03,753 - {'epoch': 35, 'rec_loss': '2.9955'}
2025-05-23 17:00:04,289 - {'Epoch': 35, 'HR@5': '0.0129', 'NDCG@5': '0.0091', 'HR@10': '0.0148', 'NDCG@10': '0.0097', 'HR@20': '0.0194', 'NDCG@20': '0.0108'}
2025-05-23 17:00:04,290 - EarlyStopping counter: 10 out of 10
2025-05-23 17:00:04,290 - Early stopping
2025-05-23 17:00:04,290 - ---------------Test Score---------------
2025-05-23 17:00:04,886 - {'Epoch': 0, 'HR@5': '0.0175', 'NDCG@5': '0.0134', 'HR@10': '0.0259', 'NDCG@10': '0.0161', 'HR@20': '0.0314', 'NDCG@20': '0.0176'}
2025-05-23 17:00:04,889 - TVRec_Foursquare_best
2025-05-23 17:00:04,889 - {'Epoch': 0, 'HR@5': '0.0175', 'NDCG@5': '0.0134', 'HR@10': '0.0259', 'NDCG@10': '0.0161', 'HR@20': '0.0314', 'NDCG@20': '0.0176'}
