2025-05-23 17:19:39,307 - Namespace(data_dir='./data/', output_dir='output/', data_name='ML-1M', do_eval=False, load_model=None, train_name='TVRec_ML-1M_best', num_items=10, num_users=6041, save=True, lr=0.001, batch_size=256, epochs=200, no_cuda=False, log_freq=1, patience=10, num_workers=8, seed=42, weight_decay=0.0, adam_beta1=0.9, adam_beta2=0.999, gpu_id='0', variance=5, model_type='TVRec', max_seq_length=50, hidden_size=64, num_hidden_layers=2, hidden_act='gelu', num_attention_heads=2, attention_probs_dropout_prob=0.5, hidden_dropout_prob=0.3, initializer_range=0.02, dt_min=0.0, dt_max=0.5, M=8, reg_weight=1e-05, device='cuda', data_file='./data/ML-1M.txt', item_size=3417, checkpoint_path='output/TVRec_ML-1M_best.pt')
2025-05-23 17:19:39,781 - TVRecModel(
  (item_embeddings): Embedding(3417, 64, padding_idx=0)
  (position_embeddings): Embedding(50, 64)
  (LayerNorm): LayerNorm()
  (dropout): Dropout(p=0.3, inplace=False)
  (item_encoder): NVRecEncoder(
    (blocks): ModuleList(
      (0-1): 2 x NVRecBlock(
        (layer): NVRecLayer(
          (out_dropout): Dropout(p=0.3, inplace=False)
          (LayerNorm): LayerNorm()
        )
        (feed_forward): FeedForward(
          (dense_1): Linear(in_features=64, out_features=256, bias=True)
          (dense_2): Linear(in_features=256, out_features=64, bias=True)
          (LayerNorm): LayerNorm()
          (dropout): Dropout(p=0.3, inplace=False)
        )
      )
    )
  )
)
2025-05-23 17:19:40,098 - Total Parameters: 288720
2025-05-23 17:20:09,848 - {'epoch': 0, 'rec_loss': '6.6139'}
2025-05-23 17:20:11,108 - {'Epoch': 0, 'HR@5': '0.1545', 'NDCG@5': '0.0992', 'HR@10': '0.2382', 'NDCG@10': '0.1261', 'HR@20': '0.3449', 'NDCG@20': '0.1529'}
2025-05-23 17:20:11,110 - Validation score increased.  Saving model ...
2025-05-23 17:20:40,401 - {'epoch': 1, 'rec_loss': '5.9847'}
2025-05-23 17:20:41,596 - {'Epoch': 1, 'HR@5': '0.1733', 'NDCG@5': '0.1124', 'HR@10': '0.2695', 'NDCG@10': '0.1434', 'HR@20': '0.3805', 'NDCG@20': '0.1714'}
2025-05-23 17:20:41,598 - Validation score increased.  Saving model ...
2025-05-23 17:21:10,833 - {'epoch': 2, 'rec_loss': '5.8557'}
2025-05-23 17:21:12,033 - {'Epoch': 2, 'HR@5': '0.1810', 'NDCG@5': '0.1176', 'HR@10': '0.2826', 'NDCG@10': '0.1504', 'HR@20': '0.3924', 'NDCG@20': '0.1780'}
2025-05-23 17:21:12,035 - Validation score increased.  Saving model ...
2025-05-23 17:21:41,127 - {'epoch': 3, 'rec_loss': '5.7855'}
2025-05-23 17:21:42,380 - {'Epoch': 3, 'HR@5': '0.1841', 'NDCG@5': '0.1193', 'HR@10': '0.2813', 'NDCG@10': '0.1506', 'HR@20': '0.3988', 'NDCG@20': '0.1802'}
2025-05-23 17:21:42,382 - Validation score increased.  Saving model ...
2025-05-23 17:22:11,484 - {'epoch': 4, 'rec_loss': '5.7396'}
2025-05-23 17:22:12,649 - {'Epoch': 4, 'HR@5': '0.1897', 'NDCG@5': '0.1241', 'HR@10': '0.2861', 'NDCG@10': '0.1551', 'HR@20': '0.3997', 'NDCG@20': '0.1838'}
2025-05-23 17:22:12,651 - Validation score increased.  Saving model ...
2025-05-23 17:22:42,782 - {'epoch': 5, 'rec_loss': '5.7044'}
2025-05-23 17:22:43,979 - {'Epoch': 5, 'HR@5': '0.1904', 'NDCG@5': '0.1254', 'HR@10': '0.2861', 'NDCG@10': '0.1562', 'HR@20': '0.4033', 'NDCG@20': '0.1857'}
2025-05-23 17:22:43,980 - Validation score increased.  Saving model ...
2025-05-23 17:23:13,565 - {'epoch': 6, 'rec_loss': '5.6795'}
2025-05-23 17:23:14,834 - {'Epoch': 6, 'HR@5': '0.1937', 'NDCG@5': '0.1263', 'HR@10': '0.2873', 'NDCG@10': '0.1564', 'HR@20': '0.4084', 'NDCG@20': '0.1868'}
2025-05-23 17:23:14,836 - Validation score increased.  Saving model ...
2025-05-23 17:23:44,586 - {'epoch': 7, 'rec_loss': '5.6596'}
2025-05-23 17:23:45,768 - {'Epoch': 7, 'HR@5': '0.2002', 'NDCG@5': '0.1298', 'HR@10': '0.2992', 'NDCG@10': '0.1616', 'HR@20': '0.4121', 'NDCG@20': '0.1901'}
2025-05-23 17:23:45,770 - Validation score increased.  Saving model ...
2025-05-23 17:24:14,887 - {'epoch': 8, 'rec_loss': '5.6423'}
2025-05-23 17:24:16,078 - {'Epoch': 8, 'HR@5': '0.1894', 'NDCG@5': '0.1249', 'HR@10': '0.2911', 'NDCG@10': '0.1576', 'HR@20': '0.4065', 'NDCG@20': '0.1867'}
2025-05-23 17:24:16,079 - EarlyStopping counter: 1 out of 10
2025-05-23 17:24:46,427 - {'epoch': 9, 'rec_loss': '5.6265'}
2025-05-23 17:24:47,697 - {'Epoch': 9, 'HR@5': '0.1925', 'NDCG@5': '0.1267', 'HR@10': '0.2911', 'NDCG@10': '0.1586', 'HR@20': '0.4083', 'NDCG@20': '0.1881'}
2025-05-23 17:24:47,699 - EarlyStopping counter: 2 out of 10
2025-05-23 17:25:17,248 - {'epoch': 10, 'rec_loss': '5.6136'}
2025-05-23 17:25:18,514 - {'Epoch': 10, 'HR@5': '0.1995', 'NDCG@5': '0.1309', 'HR@10': '0.2977', 'NDCG@10': '0.1625', 'HR@20': '0.4116', 'NDCG@20': '0.1912'}
2025-05-23 17:25:18,515 - Validation score increased.  Saving model ...
2025-05-23 17:25:47,826 - {'epoch': 11, 'rec_loss': '5.6020'}
2025-05-23 17:25:49,094 - {'Epoch': 11, 'HR@5': '0.1930', 'NDCG@5': '0.1271', 'HR@10': '0.2974', 'NDCG@10': '0.1608', 'HR@20': '0.4134', 'NDCG@20': '0.1901'}
2025-05-23 17:25:49,096 - EarlyStopping counter: 1 out of 10
2025-05-23 17:26:18,572 - {'epoch': 12, 'rec_loss': '5.5922'}
2025-05-23 17:26:19,754 - {'Epoch': 12, 'HR@5': '0.1937', 'NDCG@5': '0.1291', 'HR@10': '0.2982', 'NDCG@10': '0.1628', 'HR@20': '0.4113', 'NDCG@20': '0.1914'}
2025-05-23 17:26:19,755 - Validation score increased.  Saving model ...
2025-05-23 17:26:49,337 - {'epoch': 13, 'rec_loss': '5.5808'}
2025-05-23 17:26:50,658 - {'Epoch': 13, 'HR@5': '0.1945', 'NDCG@5': '0.1288', 'HR@10': '0.2947', 'NDCG@10': '0.1610', 'HR@20': '0.4151', 'NDCG@20': '0.1914'}
2025-05-23 17:26:50,659 - EarlyStopping counter: 1 out of 10
2025-05-23 17:27:20,021 - {'epoch': 14, 'rec_loss': '5.5760'}
2025-05-23 17:27:21,272 - {'Epoch': 14, 'HR@5': '0.2012', 'NDCG@5': '0.1324', 'HR@10': '0.3022', 'NDCG@10': '0.1649', 'HR@20': '0.4180', 'NDCG@20': '0.1942'}
2025-05-23 17:27:21,273 - Validation score increased.  Saving model ...
2025-05-23 17:27:50,487 - {'epoch': 15, 'rec_loss': '5.5672'}
2025-05-23 17:27:51,736 - {'Epoch': 15, 'HR@5': '0.2008', 'NDCG@5': '0.1331', 'HR@10': '0.2992', 'NDCG@10': '0.1647', 'HR@20': '0.4144', 'NDCG@20': '0.1939'}
2025-05-23 17:27:51,737 - EarlyStopping counter: 1 out of 10
2025-05-23 17:28:21,441 - {'epoch': 16, 'rec_loss': '5.5598'}
2025-05-23 17:28:22,697 - {'Epoch': 16, 'HR@5': '0.1974', 'NDCG@5': '0.1318', 'HR@10': '0.2952', 'NDCG@10': '0.1631', 'HR@20': '0.4127', 'NDCG@20': '0.1928'}
2025-05-23 17:28:22,700 - EarlyStopping counter: 2 out of 10
2025-05-23 17:28:52,005 - {'epoch': 17, 'rec_loss': '5.5547'}
2025-05-23 17:28:53,211 - {'Epoch': 17, 'HR@5': '0.2111', 'NDCG@5': '0.1387', 'HR@10': '0.3033', 'NDCG@10': '0.1685', 'HR@20': '0.4225', 'NDCG@20': '0.1987'}
2025-05-23 17:28:53,212 - Validation score increased.  Saving model ...
2025-05-23 17:29:22,397 - {'epoch': 18, 'rec_loss': '5.5487'}
2025-05-23 17:29:23,636 - {'Epoch': 18, 'HR@5': '0.2038', 'NDCG@5': '0.1339', 'HR@10': '0.3061', 'NDCG@10': '0.1668', 'HR@20': '0.4224', 'NDCG@20': '0.1961'}
2025-05-23 17:29:23,638 - EarlyStopping counter: 1 out of 10
2025-05-23 17:29:52,602 - {'epoch': 19, 'rec_loss': '5.5436'}
2025-05-23 17:29:53,753 - {'Epoch': 19, 'HR@5': '0.2051', 'NDCG@5': '0.1321', 'HR@10': '0.2998', 'NDCG@10': '0.1625', 'HR@20': '0.4146', 'NDCG@20': '0.1915'}
2025-05-23 17:29:53,754 - EarlyStopping counter: 2 out of 10
2025-05-23 17:30:23,034 - {'epoch': 20, 'rec_loss': '5.5383'}
2025-05-23 17:30:24,277 - {'Epoch': 20, 'HR@5': '0.1987', 'NDCG@5': '0.1313', 'HR@10': '0.3035', 'NDCG@10': '0.1651', 'HR@20': '0.4177', 'NDCG@20': '0.1940'}
2025-05-23 17:30:24,280 - EarlyStopping counter: 3 out of 10
2025-05-23 17:30:53,953 - {'epoch': 21, 'rec_loss': '5.5348'}
2025-05-23 17:30:55,247 - {'Epoch': 21, 'HR@5': '0.2046', 'NDCG@5': '0.1352', 'HR@10': '0.3041', 'NDCG@10': '0.1672', 'HR@20': '0.4175', 'NDCG@20': '0.1958'}
2025-05-23 17:30:55,250 - EarlyStopping counter: 4 out of 10
2025-05-23 17:31:24,726 - {'epoch': 22, 'rec_loss': '5.5283'}
2025-05-23 17:31:25,924 - {'Epoch': 22, 'HR@5': '0.2058', 'NDCG@5': '0.1366', 'HR@10': '0.3079', 'NDCG@10': '0.1695', 'HR@20': '0.4240', 'NDCG@20': '0.1988'}
2025-05-23 17:31:25,925 - Validation score increased.  Saving model ...
2025-05-23 17:31:54,847 - {'epoch': 23, 'rec_loss': '5.5223'}
2025-05-23 17:31:56,091 - {'Epoch': 23, 'HR@5': '0.2023', 'NDCG@5': '0.1340', 'HR@10': '0.3046', 'NDCG@10': '0.1670', 'HR@20': '0.4194', 'NDCG@20': '0.1961'}
2025-05-23 17:31:56,093 - EarlyStopping counter: 1 out of 10
2025-05-23 17:32:25,621 - {'epoch': 24, 'rec_loss': '5.5181'}
2025-05-23 17:32:26,860 - {'Epoch': 24, 'HR@5': '0.2084', 'NDCG@5': '0.1374', 'HR@10': '0.3063', 'NDCG@10': '0.1687', 'HR@20': '0.4202', 'NDCG@20': '0.1975'}
2025-05-23 17:32:26,863 - EarlyStopping counter: 2 out of 10
2025-05-23 17:32:56,740 - {'epoch': 25, 'rec_loss': '5.5159'}
2025-05-23 17:32:57,973 - {'Epoch': 25, 'HR@5': '0.2119', 'NDCG@5': '0.1399', 'HR@10': '0.3041', 'NDCG@10': '0.1694', 'HR@20': '0.4233', 'NDCG@20': '0.1994'}
2025-05-23 17:32:57,976 - Validation score increased.  Saving model ...
2025-05-23 17:33:27,239 - {'epoch': 26, 'rec_loss': '5.5127'}
2025-05-23 17:33:28,513 - {'Epoch': 26, 'HR@5': '0.2038', 'NDCG@5': '0.1360', 'HR@10': '0.3068', 'NDCG@10': '0.1692', 'HR@20': '0.4166', 'NDCG@20': '0.1968'}
2025-05-23 17:33:28,515 - EarlyStopping counter: 1 out of 10
2025-05-23 17:33:58,098 - {'epoch': 27, 'rec_loss': '5.5096'}
2025-05-23 17:33:59,296 - {'Epoch': 27, 'HR@5': '0.2050', 'NDCG@5': '0.1355', 'HR@10': '0.3040', 'NDCG@10': '0.1674', 'HR@20': '0.4171', 'NDCG@20': '0.1959'}
2025-05-23 17:33:59,298 - EarlyStopping counter: 2 out of 10
2025-05-23 17:34:28,687 - {'epoch': 28, 'rec_loss': '5.5048'}
2025-05-23 17:34:29,825 - {'Epoch': 28, 'HR@5': '0.2088', 'NDCG@5': '0.1377', 'HR@10': '0.3070', 'NDCG@10': '0.1693', 'HR@20': '0.4141', 'NDCG@20': '0.1965'}
2025-05-23 17:34:29,826 - EarlyStopping counter: 3 out of 10
2025-05-23 17:34:59,729 - {'epoch': 29, 'rec_loss': '5.5007'}
2025-05-23 17:35:00,975 - {'Epoch': 29, 'HR@5': '0.2119', 'NDCG@5': '0.1384', 'HR@10': '0.3084', 'NDCG@10': '0.1694', 'HR@20': '0.4233', 'NDCG@20': '0.1984'}
2025-05-23 17:35:00,978 - EarlyStopping counter: 4 out of 10
2025-05-23 17:35:27,356 - {'epoch': 30, 'rec_loss': '5.4996'}
2025-05-23 17:35:28,625 - {'Epoch': 30, 'HR@5': '0.2073', 'NDCG@5': '0.1378', 'HR@10': '0.3046', 'NDCG@10': '0.1691', 'HR@20': '0.4209', 'NDCG@20': '0.1983'}
2025-05-23 17:35:28,627 - EarlyStopping counter: 5 out of 10
2025-05-23 17:35:58,037 - {'epoch': 31, 'rec_loss': '5.4967'}
2025-05-23 17:35:59,226 - {'Epoch': 31, 'HR@5': '0.2075', 'NDCG@5': '0.1373', 'HR@10': '0.3066', 'NDCG@10': '0.1694', 'HR@20': '0.4250', 'NDCG@20': '0.1993'}
2025-05-23 17:35:59,229 - EarlyStopping counter: 6 out of 10
2025-05-23 17:36:29,015 - {'epoch': 32, 'rec_loss': '5.4897'}
2025-05-23 17:36:30,299 - {'Epoch': 32, 'HR@5': '0.2131', 'NDCG@5': '0.1409', 'HR@10': '0.3086', 'NDCG@10': '0.1716', 'HR@20': '0.4248', 'NDCG@20': '0.2010'}
2025-05-23 17:36:30,300 - Validation score increased.  Saving model ...
2025-05-23 17:36:59,981 - {'epoch': 33, 'rec_loss': '5.4889'}
2025-05-23 17:37:01,241 - {'Epoch': 33, 'HR@5': '0.2050', 'NDCG@5': '0.1374', 'HR@10': '0.3063', 'NDCG@10': '0.1699', 'HR@20': '0.4224', 'NDCG@20': '0.1993'}
2025-05-23 17:37:01,244 - EarlyStopping counter: 1 out of 10
2025-05-23 17:37:30,525 - {'epoch': 34, 'rec_loss': '5.4869'}
2025-05-23 17:37:31,736 - {'Epoch': 34, 'HR@5': '0.2104', 'NDCG@5': '0.1399', 'HR@10': '0.3089', 'NDCG@10': '0.1716', 'HR@20': '0.4235', 'NDCG@20': '0.2007'}
2025-05-23 17:37:31,738 - EarlyStopping counter: 2 out of 10
2025-05-23 17:38:01,885 - {'epoch': 35, 'rec_loss': '5.4834'}
2025-05-23 17:38:03,074 - {'Epoch': 35, 'HR@5': '0.2079', 'NDCG@5': '0.1385', 'HR@10': '0.3071', 'NDCG@10': '0.1703', 'HR@20': '0.4227', 'NDCG@20': '0.1996'}
2025-05-23 17:38:03,076 - EarlyStopping counter: 3 out of 10
2025-05-23 17:38:33,342 - {'epoch': 36, 'rec_loss': '5.4823'}
2025-05-23 17:38:34,571 - {'Epoch': 36, 'HR@5': '0.2088', 'NDCG@5': '0.1390', 'HR@10': '0.3071', 'NDCG@10': '0.1707', 'HR@20': '0.4225', 'NDCG@20': '0.1999'}
2025-05-23 17:38:34,573 - EarlyStopping counter: 4 out of 10
2025-05-23 17:39:03,958 - {'epoch': 37, 'rec_loss': '5.4801'}
2025-05-23 17:39:05,165 - {'Epoch': 37, 'HR@5': '0.2104', 'NDCG@5': '0.1399', 'HR@10': '0.3114', 'NDCG@10': '0.1724', 'HR@20': '0.4207', 'NDCG@20': '0.1999'}
2025-05-23 17:39:05,167 - EarlyStopping counter: 5 out of 10
2025-05-23 17:39:33,928 - {'epoch': 38, 'rec_loss': '5.4771'}
2025-05-23 17:39:35,146 - {'Epoch': 38, 'HR@5': '0.2104', 'NDCG@5': '0.1400', 'HR@10': '0.3109', 'NDCG@10': '0.1725', 'HR@20': '0.4280', 'NDCG@20': '0.2020'}
2025-05-23 17:39:35,148 - Validation score increased.  Saving model ...
2025-05-23 17:40:04,764 - {'epoch': 39, 'rec_loss': '5.4736'}
2025-05-23 17:40:05,980 - {'Epoch': 39, 'HR@5': '0.2104', 'NDCG@5': '0.1398', 'HR@10': '0.3088', 'NDCG@10': '0.1715', 'HR@20': '0.4217', 'NDCG@20': '0.2002'}
2025-05-23 17:40:05,982 - EarlyStopping counter: 1 out of 10
2025-05-23 17:40:35,526 - {'epoch': 40, 'rec_loss': '5.4731'}
2025-05-23 17:40:36,847 - {'Epoch': 40, 'HR@5': '0.2096', 'NDCG@5': '0.1379', 'HR@10': '0.3109', 'NDCG@10': '0.1704', 'HR@20': '0.4250', 'NDCG@20': '0.1991'}
2025-05-23 17:40:36,849 - EarlyStopping counter: 2 out of 10
2025-05-23 17:41:06,042 - {'epoch': 41, 'rec_loss': '5.4709'}
2025-05-23 17:41:07,315 - {'Epoch': 41, 'HR@5': '0.2132', 'NDCG@5': '0.1410', 'HR@10': '0.3083', 'NDCG@10': '0.1717', 'HR@20': '0.4242', 'NDCG@20': '0.2010'}
2025-05-23 17:41:07,316 - EarlyStopping counter: 3 out of 10
2025-05-23 17:41:37,059 - {'epoch': 42, 'rec_loss': '5.4676'}
2025-05-23 17:41:38,286 - {'Epoch': 42, 'HR@5': '0.2056', 'NDCG@5': '0.1345', 'HR@10': '0.3058', 'NDCG@10': '0.1669', 'HR@20': '0.4238', 'NDCG@20': '0.1967'}
2025-05-23 17:41:38,288 - EarlyStopping counter: 4 out of 10
2025-05-23 17:42:05,703 - {'epoch': 43, 'rec_loss': '5.4657'}
2025-05-23 17:42:06,813 - {'Epoch': 43, 'HR@5': '0.2099', 'NDCG@5': '0.1397', 'HR@10': '0.3109', 'NDCG@10': '0.1721', 'HR@20': '0.4238', 'NDCG@20': '0.2005'}
2025-05-23 17:42:06,816 - EarlyStopping counter: 5 out of 10
2025-05-23 17:42:33,590 - {'epoch': 44, 'rec_loss': '5.4632'}
2025-05-23 17:42:34,803 - {'Epoch': 44, 'HR@5': '0.2093', 'NDCG@5': '0.1391', 'HR@10': '0.3089', 'NDCG@10': '0.1711', 'HR@20': '0.4263', 'NDCG@20': '0.2008'}
2025-05-23 17:42:34,805 - EarlyStopping counter: 6 out of 10
2025-05-23 17:43:04,652 - {'epoch': 45, 'rec_loss': '5.4655'}
2025-05-23 17:43:05,945 - {'Epoch': 45, 'HR@5': '0.2050', 'NDCG@5': '0.1365', 'HR@10': '0.3061', 'NDCG@10': '0.1691', 'HR@20': '0.4237', 'NDCG@20': '0.1987'}
2025-05-23 17:43:05,948 - EarlyStopping counter: 7 out of 10
2025-05-23 17:43:35,572 - {'epoch': 46, 'rec_loss': '5.4598'}
2025-05-23 17:43:36,855 - {'Epoch': 46, 'HR@5': '0.2141', 'NDCG@5': '0.1399', 'HR@10': '0.3073', 'NDCG@10': '0.1699', 'HR@20': '0.4276', 'NDCG@20': '0.2003'}
2025-05-23 17:43:36,856 - EarlyStopping counter: 8 out of 10
2025-05-23 17:44:07,222 - {'epoch': 47, 'rec_loss': '5.4600'}
2025-05-23 17:44:08,472 - {'Epoch': 47, 'HR@5': '0.2088', 'NDCG@5': '0.1377', 'HR@10': '0.3119', 'NDCG@10': '0.1708', 'HR@20': '0.4232', 'NDCG@20': '0.1988'}
2025-05-23 17:44:08,474 - EarlyStopping counter: 9 out of 10
2025-05-23 17:44:38,669 - {'epoch': 48, 'rec_loss': '5.4564'}
2025-05-23 17:44:39,862 - {'Epoch': 48, 'HR@5': '0.2096', 'NDCG@5': '0.1396', 'HR@10': '0.3079', 'NDCG@10': '0.1713', 'HR@20': '0.4298', 'NDCG@20': '0.2021'}
2025-05-23 17:44:39,863 - Validation score increased.  Saving model ...
2025-05-23 17:45:09,983 - {'epoch': 49, 'rec_loss': '5.4572'}
2025-05-23 17:45:11,201 - {'Epoch': 49, 'HR@5': '0.2136', 'NDCG@5': '0.1403', 'HR@10': '0.3119', 'NDCG@10': '0.1719', 'HR@20': '0.4230', 'NDCG@20': '0.2000'}
2025-05-23 17:45:11,202 - EarlyStopping counter: 1 out of 10
2025-05-23 17:45:41,548 - {'epoch': 50, 'rec_loss': '5.4544'}
2025-05-23 17:45:42,754 - {'Epoch': 50, 'HR@5': '0.2066', 'NDCG@5': '0.1365', 'HR@10': '0.3104', 'NDCG@10': '0.1700', 'HR@20': '0.4224', 'NDCG@20': '0.1982'}
2025-05-23 17:45:42,756 - EarlyStopping counter: 2 out of 10
2025-05-23 17:46:13,106 - {'epoch': 51, 'rec_loss': '5.4525'}
2025-05-23 17:46:14,389 - {'Epoch': 51, 'HR@5': '0.2103', 'NDCG@5': '0.1382', 'HR@10': '0.3084', 'NDCG@10': '0.1698', 'HR@20': '0.4242', 'NDCG@20': '0.1992'}
2025-05-23 17:46:14,391 - EarlyStopping counter: 3 out of 10
2025-05-23 17:46:44,853 - {'epoch': 52, 'rec_loss': '5.4495'}
2025-05-23 17:46:46,074 - {'Epoch': 52, 'HR@5': '0.2022', 'NDCG@5': '0.1348', 'HR@10': '0.3035', 'NDCG@10': '0.1674', 'HR@20': '0.4220', 'NDCG@20': '0.1975'}
2025-05-23 17:46:46,078 - EarlyStopping counter: 4 out of 10
2025-05-23 17:47:17,051 - {'epoch': 53, 'rec_loss': '5.4491'}
2025-05-23 17:47:18,266 - {'Epoch': 53, 'HR@5': '0.2098', 'NDCG@5': '0.1388', 'HR@10': '0.3096', 'NDCG@10': '0.1710', 'HR@20': '0.4280', 'NDCG@20': '0.2008'}
2025-05-23 17:47:18,267 - EarlyStopping counter: 5 out of 10
2025-05-23 17:47:48,098 - {'epoch': 54, 'rec_loss': '5.4497'}
2025-05-23 17:47:49,334 - {'Epoch': 54, 'HR@5': '0.2055', 'NDCG@5': '0.1360', 'HR@10': '0.3079', 'NDCG@10': '0.1690', 'HR@20': '0.4214', 'NDCG@20': '0.1976'}
2025-05-23 17:47:49,336 - EarlyStopping counter: 6 out of 10
2025-05-23 17:48:19,399 - {'epoch': 55, 'rec_loss': '5.4470'}
2025-05-23 17:48:20,628 - {'Epoch': 55, 'HR@5': '0.2142', 'NDCG@5': '0.1413', 'HR@10': '0.3121', 'NDCG@10': '0.1729', 'HR@20': '0.4285', 'NDCG@20': '0.2022'}
2025-05-23 17:48:20,628 - Validation score increased.  Saving model ...
2025-05-23 17:48:50,778 - {'epoch': 56, 'rec_loss': '5.4440'}
2025-05-23 17:48:52,052 - {'Epoch': 56, 'HR@5': '0.2119', 'NDCG@5': '0.1387', 'HR@10': '0.3038', 'NDCG@10': '0.1683', 'HR@20': '0.4232', 'NDCG@20': '0.1984'}
2025-05-23 17:48:52,053 - EarlyStopping counter: 1 out of 10
2025-05-23 17:49:22,117 - {'epoch': 57, 'rec_loss': '5.4441'}
2025-05-23 17:49:23,354 - {'Epoch': 57, 'HR@5': '0.2124', 'NDCG@5': '0.1397', 'HR@10': '0.3065', 'NDCG@10': '0.1700', 'HR@20': '0.4260', 'NDCG@20': '0.2002'}
2025-05-23 17:49:23,355 - EarlyStopping counter: 2 out of 10
2025-05-23 17:49:53,641 - {'epoch': 58, 'rec_loss': '5.4425'}
2025-05-23 17:49:54,861 - {'Epoch': 58, 'HR@5': '0.2084', 'NDCG@5': '0.1386', 'HR@10': '0.3083', 'NDCG@10': '0.1708', 'HR@20': '0.4280', 'NDCG@20': '0.2010'}
2025-05-23 17:49:54,864 - EarlyStopping counter: 3 out of 10
2025-05-23 17:50:25,029 - {'epoch': 59, 'rec_loss': '5.4411'}
2025-05-23 17:50:26,234 - {'Epoch': 59, 'HR@5': '0.2108', 'NDCG@5': '0.1393', 'HR@10': '0.3066', 'NDCG@10': '0.1703', 'HR@20': '0.4217', 'NDCG@20': '0.1993'}
2025-05-23 17:50:26,235 - EarlyStopping counter: 4 out of 10
2025-05-23 17:50:55,836 - {'epoch': 60, 'rec_loss': '5.4389'}
2025-05-23 17:50:57,031 - {'Epoch': 60, 'HR@5': '0.2114', 'NDCG@5': '0.1402', 'HR@10': '0.3151', 'NDCG@10': '0.1735', 'HR@20': '0.4263', 'NDCG@20': '0.2016'}
2025-05-23 17:50:57,032 - EarlyStopping counter: 5 out of 10
2025-05-23 17:51:27,377 - {'epoch': 61, 'rec_loss': '5.4403'}
2025-05-23 17:51:28,528 - {'Epoch': 61, 'HR@5': '0.2099', 'NDCG@5': '0.1373', 'HR@10': '0.3096', 'NDCG@10': '0.1694', 'HR@20': '0.4227', 'NDCG@20': '0.1978'}
2025-05-23 17:51:28,529 - EarlyStopping counter: 6 out of 10
2025-05-23 17:51:58,998 - {'epoch': 62, 'rec_loss': '5.4364'}
2025-05-23 17:52:00,250 - {'Epoch': 62, 'HR@5': '0.2116', 'NDCG@5': '0.1387', 'HR@10': '0.3071', 'NDCG@10': '0.1695', 'HR@20': '0.4220', 'NDCG@20': '0.1986'}
2025-05-23 17:52:00,252 - EarlyStopping counter: 7 out of 10
2025-05-23 17:52:30,661 - {'epoch': 63, 'rec_loss': '5.4370'}
2025-05-23 17:52:31,872 - {'Epoch': 63, 'HR@5': '0.2055', 'NDCG@5': '0.1357', 'HR@10': '0.3023', 'NDCG@10': '0.1670', 'HR@20': '0.4219', 'NDCG@20': '0.1973'}
2025-05-23 17:52:31,873 - EarlyStopping counter: 8 out of 10
2025-05-23 17:53:01,765 - {'epoch': 64, 'rec_loss': '5.4357'}
2025-05-23 17:53:03,062 - {'Epoch': 64, 'HR@5': '0.2081', 'NDCG@5': '0.1369', 'HR@10': '0.3086', 'NDCG@10': '0.1695', 'HR@20': '0.4210', 'NDCG@20': '0.1979'}
2025-05-23 17:53:03,064 - EarlyStopping counter: 9 out of 10
2025-05-23 17:53:33,007 - {'epoch': 65, 'rec_loss': '5.4338'}
2025-05-23 17:53:34,221 - {'Epoch': 65, 'HR@5': '0.2068', 'NDCG@5': '0.1390', 'HR@10': '0.3098', 'NDCG@10': '0.1721', 'HR@20': '0.4293', 'NDCG@20': '0.2022'}
2025-05-23 17:53:34,223 - EarlyStopping counter: 10 out of 10
2025-05-23 17:53:34,223 - Early stopping
2025-05-23 17:53:34,223 - ---------------Test Score---------------
2025-05-23 17:53:35,528 - {'Epoch': 0, 'HR@5': '0.2013', 'NDCG@5': '0.1371', 'HR@10': '0.2904', 'NDCG@10': '0.1658', 'HR@20': '0.4079', 'NDCG@20': '0.1955'}
2025-05-23 17:53:35,529 - TVRec_ML-1M_best
2025-05-23 17:53:35,529 - {'Epoch': 0, 'HR@5': '0.2013', 'NDCG@5': '0.1371', 'HR@10': '0.2904', 'NDCG@10': '0.1658', 'HR@20': '0.4079', 'NDCG@20': '0.1955'}
